<?xml version="1.0" encoding="UTF-8"?>
<testsuite name="com.example.SistemaTransaccionesBancarias.AccountServiceTest" tests="10" skipped="0" failures="0" errors="0" timestamp="2024-07-30T04:25:11" hostname="YIDDAY" time="2.45">
  <properties/>
  <testcase name="testAccountOpening()" classname="com.example.SistemaTransaccionesBancarias.AccountServiceTest" time="2.31"/>
  <testcase name="testBlockAccount()" classname="com.example.SistemaTransaccionesBancarias.AccountServiceTest" time="0.015"/>
  <testcase name="testTransferInsufficientFunds()" classname="com.example.SistemaTransaccionesBancarias.AccountServiceTest" time="0.011"/>
  <testcase name="testDepositAccountNotFound()" classname="com.example.SistemaTransaccionesBancarias.AccountServiceTest" time="0.008"/>
  <testcase name="testCheckAccount()" classname="com.example.SistemaTransaccionesBancarias.AccountServiceTest" time="0.007"/>
  <testcase name="testUnblockAccount()" classname="com.example.SistemaTransaccionesBancarias.AccountServiceTest" time="0.013"/>
  <testcase name="testBlockAccountNotFound()" classname="com.example.SistemaTransaccionesBancarias.AccountServiceTest" time="0.006"/>
  <testcase name="testDeposit()" classname="com.example.SistemaTransaccionesBancarias.AccountServiceTest" time="0.006"/>
  <testcase name="testUnblockAccountNotFound()" classname="com.example.SistemaTransaccionesBancarias.AccountServiceTest" time="0.006"/>
  <testcase name="testTransfer()" classname="com.example.SistemaTransaccionesBancarias.AccountServiceTest" time="0.011"/>
  <system-out><![CDATA[]]></system-out>
  <system-err><![CDATA[]]></system-err>
</testsuite>
