<?xml version="1.0" encoding="UTF-8"?>
<testsuite name="com.example.SistemaTransaccionesBancarias.TransactionServiceTest" tests="2" skipped="0" failures="0" errors="0" timestamp="2024-07-30T04:25:41" hostname="YIDDAY" time="0.134">
  <properties/>
  <testcase name="whenRegisterTransaction_thenSaveTransaction()" classname="com.example.SistemaTransaccionesBancarias.TransactionServiceTest" time="0.127"/>
  <testcase name="whenGetTransaction_thenReturnAllTransactions()" classname="com.example.SistemaTransaccionesBancarias.TransactionServiceTest" time="0.006"/>
  <system-out><![CDATA[]]></system-out>
  <system-err><![CDATA[]]></system-err>
</testsuite>
