<?xml version="1.0" encoding="UTF-8"?>
<testsuite name="com.example.SistemaTransaccionesBancarias.SistemaTransaccionesBancariasApplicationTests" tests="1" skipped="0" failures="0" errors="0" timestamp="2024-07-30T04:25:41" hostname="YIDDAY" time="0.026">
  <properties/>
  <testcase name="contextLoads()" classname="com.example.SistemaTransaccionesBancarias.SistemaTransaccionesBancariasApplicationTests" time="0.026"/>
  <system-out><![CDATA[23:25:14.734 [Test worker] INFO org.springframework.test.context.support.AnnotationConfigContextLoaderUtils -- Could not detect default configuration classes for test class [com.example.SistemaTransaccionesBancarias.SistemaTransaccionesBancariasApplicationTests]: SistemaTransaccionesBancariasApplicationTests does not declare any static, non-private, non-final, nested classes annotated with @Configuration.
23:25:15.714 [Test worker] INFO org.springframework.boot.test.context.SpringBootTestContextBootstrapper -- Found @SpringBootConfiguration com.example.SistemaTransaccionesBancarias.SistemaTransaccionesBancariasApplication for test class com.example.SistemaTransaccionesBancarias.SistemaTransaccionesBancariasApplicationTests

  .   ____          _            __ _ _
 /\\ / ___'_ __ _ _(_)_ __  __ _ \ \ \ \
( ( )\___ | '_ | '_| | '_ \/ _` | \ \ \ \
 \\/  ___)| |_)| | | | | || (_| |  ) ) ) )
  '  |____| .__|_| |_|_| |_\__, | / / / /
 =========|_|==============|___/=/_/_/_/

 :: Spring Boot ::                (v3.3.1)

2024-07-29T23:25:17.676-05:00  INFO 12700 --- [SistemaTransaccionesBancarias] [    Test worker] maTransaccionesBancariasApplicationTests : Starting SistemaTransaccionesBancariasApplicationTests using Java 17 with PID 12700 (started by pc in C:\Users\pc\IdeaProjects\Proyecto_Integrador_transacciones_bancarias\SistemaTransaccionesBancarias)
2024-07-29T23:25:17.679-05:00  INFO 12700 --- [SistemaTransaccionesBancarias] [    Test worker] maTransaccionesBancariasApplicationTests : No active profile set, falling back to 1 default profile: "default"
2024-07-29T23:25:21.171-05:00  INFO 12700 --- [SistemaTransaccionesBancarias] [    Test worker] .s.d.r.c.RepositoryConfigurationDelegate : Bootstrapping Spring Data JPA repositories in DEFAULT mode.
2024-07-29T23:25:21.329-05:00  INFO 12700 --- [SistemaTransaccionesBancarias] [    Test worker] .s.d.r.c.RepositoryConfigurationDelegate : Finished Spring Data repository scanning in 134 ms. Found 4 JPA repository interfaces.
2024-07-29T23:25:23.039-05:00  INFO 12700 --- [SistemaTransaccionesBancarias] [    Test worker] o.hibernate.jpa.internal.util.LogHelper  : HHH000204: Processing PersistenceUnitInfo [name: default]
2024-07-29T23:25:23.460-05:00  INFO 12700 --- [SistemaTransaccionesBancarias] [    Test worker] org.hibernate.Version                    : HHH000412: Hibernate ORM core version 6.5.2.Final
2024-07-29T23:25:23.708-05:00  INFO 12700 --- [SistemaTransaccionesBancarias] [    Test worker] o.h.c.internal.RegionFactoryInitiator    : HHH000026: Second-level cache disabled
2024-07-29T23:25:24.180-05:00  INFO 12700 --- [SistemaTransaccionesBancarias] [    Test worker] o.s.o.j.p.SpringPersistenceUnitInfo      : No LoadTimeWeaver setup: ignoring JPA class transformer
2024-07-29T23:25:24.337-05:00  INFO 12700 --- [SistemaTransaccionesBancarias] [    Test worker] com.zaxxer.hikari.HikariDataSource       : HikariPool-1 - Starting...
2024-07-29T23:25:32.373-05:00  INFO 12700 --- [SistemaTransaccionesBancarias] [    Test worker] com.zaxxer.hikari.pool.HikariPool        : HikariPool-1 - Added connection com.mysql.cj.jdbc.ConnectionImpl@38347345
2024-07-29T23:25:32.432-05:00  INFO 12700 --- [SistemaTransaccionesBancarias] [    Test worker] com.zaxxer.hikari.HikariDataSource       : HikariPool-1 - Start completed.
2024-07-29T23:25:33.825-05:00  WARN 12700 --- [SistemaTransaccionesBancarias] [    Test worker] org.hibernate.orm.deprecation            : HHH90000025: MySQL8Dialect does not need to be specified explicitly using 'hibernate.dialect' (remove the property setting and it will be selected by default)
2024-07-29T23:25:33.827-05:00  WARN 12700 --- [SistemaTransaccionesBancarias] [    Test worker] org.hibernate.orm.deprecation            : HHH90000026: MySQL8Dialect has been deprecated; use org.hibernate.dialect.MySQLDialect instead
2024-07-29T23:25:35.359-05:00  INFO 12700 --- [SistemaTransaccionesBancarias] [    Test worker] o.h.m.i.EntityInstantiatorPojoStandard   : HHH000182: No default (no-argument) constructor for class: com.example.SistemaTransaccionesBancarias.model.Transaction (class must be instantiated by Interceptor)
2024-07-29T23:25:35.962-05:00  INFO 12700 --- [SistemaTransaccionesBancarias] [    Test worker] o.h.e.t.j.p.i.JtaPlatformInitiator       : HHH000489: No JTA platform available (set 'hibernate.transaction.jta.platform' to enable JTA platform integration)
2024-07-29T23:25:38.480-05:00  INFO 12700 --- [SistemaTransaccionesBancarias] [    Test worker] j.LocalContainerEntityManagerFactoryBean : Initialized JPA EntityManagerFactory for persistence unit 'default'
2024-07-29T23:25:40.246-05:00  WARN 12700 --- [SistemaTransaccionesBancarias] [    Test worker] JpaBaseConfiguration$JpaWebConfiguration : spring.jpa.open-in-view is enabled by default. Therefore, database queries may be performed during view rendering. Explicitly configure spring.jpa.open-in-view to disable this warning
2024-07-29T23:25:41.726-05:00  INFO 12700 --- [SistemaTransaccionesBancarias] [    Test worker] maTransaccionesBancariasApplicationTests : Started SistemaTransaccionesBancariasApplicationTests in 25.065 seconds (process running for 32.151)
]]></system-out>
  <system-err><![CDATA[]]></system-err>
</testsuite>
